app/build/outputs/mapping/release/seeds.txt
com.boostermbkking.kingrommods.v2.AboutActivity
com.boostermbkking.kingrommods.v2.AboutActivity: AboutActivity()
com.boostermbkking.kingrommods.v2.AboutActivity: void onClick(android.view.View)
com.boostermbkking.kingrommods.v2.MainActivity
com.boostermbkking.kingrommods.v2.MainActivity: MainActivity()
com.boostermbkking.kingrommods.v2.MainActivity$1: void onClick(android.content.DialogInterface,int)
com.boostermbkking.kingrommods.v2.MainActivity$2: void onClick(android.content.DialogInterface,int)
com.boostermbkking.kingrommods.v2.MyApp
com.boostermbkking.kingrommods.v2.MyApp: MyApp()
com.boostermbkking.kingrommods.v2.PrefsFragment$1: void onClick(android.view.View)
com.boostermbkking.kingrommods.v2.R$anim: int abc_fade_in
com.boostermbkking.kingrommods.v2.R$anim: int abc_fade_out
com.boostermbkking.kingrommods.v2.R$anim: int abc_grow_fade_in_from_bottom
com.boostermbkking.kingrommods.v2.R$anim: int abc_popup_enter
com.boostermbkking.kingrommods.v2.R$anim: int abc_popup_exit
com.boostermbkking.kingrommods.v2.R$anim: int abc_shrink_fade_out_from_bottom
com.boostermbkking.kingrommods.v2.R$anim: int abc_slide_in_bottom
com.boostermbkking.kingrommods.v2.R$anim: int abc_slide_in_top
com.boostermbkking.kingrommods.v2.R$anim: int abc_slide_out_bottom
com.boostermbkking.kingrommods.v2.R$anim: int abc_slide_out_top
com.boostermbkking.kingrommods.v2.R$anim: int design_bottom_sheet_slide_in
com.boostermbkking.kingrommods.v2.R$anim: int design_bottom_sheet_slide_out
com.boostermbkking.kingrommods.v2.R$anim: int design_snackbar_in
com.boostermbkking.kingrommods.v2.R$anim: int design_snackbar_out
com.boostermbkking.kingrommods.v2.R$anim: int fade_in
com.boostermbkking.kingrommods.v2.R$anim: int fade_out
com.boostermbkking.kingrommods.v2.R$animator: int design_appbar_state_list_animator
com.boostermbkking.kingrommods.v2.R$animator: int fadein
com.boostermbkking.kingrommods.v2.R$animator: int fadeout
com.boostermbkking.kingrommods.v2.R$array: int about_contact_us_drawables
com.boostermbkking.kingrommods.v2.R$array: int about_contact_us_links
com.boostermbkking.kingrommods.v2.R$array: int about_contact_us_text
com.boostermbkking.kingrommods.v2.R$array: int about_credits_drawables
com.boostermbkking.kingrommods.v2.R$array: int about_credits_links
com.boostermbkking.kingrommods.v2.R$array: int about_credits_names
com.boostermbkking.kingrommods.v2.R$array: int about_team_drawables
com.boostermbkking.kingrommods.v2.R$array: int about_team_links
com.boostermbkking.kingrommods.v2.R$array: int about_team_names
com.boostermbkking.kingrommods.v2.R$array: int alarm_drawables
com.boostermbkking.kingrommods.v2.R$array: int alarm_entries
com.boostermbkking.kingrommods.v2.R$array: int alarm_values
com.boostermbkking.kingrommods.v2.R$array: int arrow_position_entries
com.boostermbkking.kingrommods.v2.R$array: int arrow_position_values
com.boostermbkking.kingrommods.v2.R$array: int backup_restore_items
com.boostermbkking.kingrommods.v2.R$array: int battery_bar_entries
com.boostermbkking.kingrommods.v2.R$array: int battery_bar_style_entries
com.boostermbkking.kingrommods.v2.R$array: int battery_bar_style_values
com.boostermbkking.kingrommods.v2.R$array: int battery_bar_thickness_entries
com.boostermbkking.kingrommods.v2.R$array: int battery_bar_thickness_values
com.boostermbkking.kingrommods.v2.R$array: int battery_bar_values
...
android.support.design.widget.BaseTransientBottomBar$SnackbarBaseLayout: BaseTransientBottomBar$SnackbarBaseLayout(android.content.Context)
android.support.design.widget.BaseTransientBottomBar$SnackbarBaseLayout: BaseTransientBottomBar$SnackbarBaseLayout(android.content.Context,android.util.AttributeSet)
android.support.design.widget.BaseTransientBottomBar$SnackbarBaseLayout: void setOnLayoutChangeListener(android.support.design.widget.BaseTransientBottomBar$OnLayoutChangeListener)
android.support.design.widget.BaseTransientBottomBar$SnackbarBaseLayout: void setOnAttachStateChangeListener(android.support.design.widget.BaseTransientBottomBar$OnAttachStateChangeListener)
android.support.design.widget.BottomNavigationView: void setOnNavigationItemSelectedListener(android.support.design.widget.BottomNavigationView$OnNavigationItemSelectedListener)
android.support.design.widget.BottomNavigationView: void setOnNavigationItemReselectedListener(android.support.design.widget.BottomNavigationView$OnNavigationItemReselectedListener)
android.support.design.widget.BottomNavigationView: android.view.Menu getMenu()
android.support.design.widget.BottomNavigationView: int getMaxItemCount()
android.support.design.widget.BottomNavigationView: android.content.res.ColorStateList getItemIconTintList()
android.support.design.widget.BottomNavigationView: void setItemIconTintList(android.content.res.ColorStateList)
android.support.design.widget.BottomNavigationView: android.content.res.ColorStateList getItemTextColor()
android.support.design.widget.BottomNavigationView: void setItemTextColor(android.content.res.ColorStateList)
android.support.design.widget.BottomNavigationView: int getItemBackgroundResource()
android.support.design.widget.BottomNavigationView: void setItemBackgroundResource(int)
android.support.design.widget.BottomNavigationView: int getSelectedItemId()
android.support.design.widget.BottomNavigationView: void setSelectedItemId(int)
android.support.design.widget.BottomNavigationView: android.view.MenuInflater getMenuInflater()
android.support.design.widget.BottomNavigationView$SavedState: android.os.Parcelable$Creator CREATOR
android.support.design.widget.BottomSheetBehavior
android.support.design.widget.BottomSheetBehavior: BottomSheetBehavior()
android.support.design.widget.BottomSheetBehavior: BottomSheetBehavior(android.content.Context,android.util.AttributeSet)
android.support.design.widget.BottomSheetBehavior$SavedState: android.os.Parcelable$Creator CREATOR
android.support.design.widget.BottomSheetDialog$1: void onClick(android.view.View)
android.support.design.widget.CheckableImageButton
android.support.design.widget.CheckableImageButton: CheckableImageButton(android.content.Context)
android.support.design.widget.CheckableImageButton: CheckableImageButton(android.content.Context,android.util.AttributeSet)
android.support.design.widget.CheckableImageButton: CheckableImageButton(android.content.Context,android.util.AttributeSet,int)
android.support.design.widget.CheckableImageButton: void setChecked(boolean)