app/build/outputs/mapping/release/mapping.txt
com.boostermbkking.kingrommods.v2.AboutActivity -> com.boostermbkking.kingrommods.v2.AboutActivity:
    java.lang.Integer[] mContactUsIds -> m
    java.lang.Integer[] mTeamIds -> n
    java.lang.Integer[] mCreditsIds -> o
    boolean $assertionsDisabled -> l
    void <init>() -> <init>
    void onCreate(android.os.Bundle) -> onCreate
    void setUpCreditsItems() -> e
    void setUpTeamItems() -> f
    void setUpAboutItems() -> g
    void onClick(android.view.View) -> onClick
    void <clinit>() -> <clinit>
com.boostermbkking.kingrommods.v2.MainActivity -> com.boostermbkking.kingrommods.v2.MainActivity:
    android.app.ProgressDialog mProgressDialog -> n
    android.app.FragmentManager mFragmentManager -> o
    android.content.SharedPreferences mSharedPreferences -> p
    java.util.ArrayList mNavMenuItemsIds -> q
    boolean KS8pro -> l
    boolean $assertionsDisabled -> m
    void <init>() -> <init>
    void onCreate(android.os.Bundle) -> onCreate
    boolean appInstalledOrNot(java.lang.String) -> a
    void setUpPrefsMenu(android.view.Menu) -> a
    void onBackPressed() -> onBackPressed
    boolean onCreateOptionsMenu(android.view.Menu) -> onCreateOptionsMenu
    boolean onOptionsItemSelected(android.view.MenuItem) -> onOptionsItemSelected
    boolean onNavigationItemSelected(android.view.MenuItem) -> a
    void launchBackupRestoreService(int,java.lang.String) -> a
    void loadPrefsFragment(java.lang.String) -> b
    void onTaskCompleted(boolean) -> b
    void onDialogResult(int) -> b
    void onBackupRestoreResult(int) -> c
    void onPause() -> onPause
    void onRestoreRequested(java.lang.String,boolean) -> a
    android.view.View getDecorView() -> e
    void <clinit>() -> <clinit>
com.boostermbkking.kingrommods.v2.MainActivity$1 -> com.boostermbkking.kingrommods.v2.MainActivity$1:
    com.boostermbkking.kingrommods.v2.MainActivity this$0 -> a
    void <init>(com.boostermbkking.kingrommods.v2.MainActivity) -> <init>
    void onClick(android.content.DialogInterface,int) -> onClick
com.boostermbkking.kingrommods.v2.MainActivity$2 -> com.boostermbkking.kingrommods.v2.MainActivity$2:
    com.boostermbkking.kingrommods.v2.MainActivity this$0 -> a
    void <init>(com.boostermbkking.kingrommods.v2.MainActivity) -> <init>
    void onClick(android.content.DialogInterface,int) -> onClick
com.boostermbkking.kingrommods.v2.MyApp -> com.boostermbkking.kingrommods.v2.MyApp:
    android.content.Context mContext -> a
    void <init>() -> <init>
    android.content.Context getContext() -> a
    void onCreate() -> onCreate
    void onLowMemory() -> onLowMemory
com.boostermbkking.kingrommods.v2.PrefsFragment -> com.boostermbkking.kingrommods.v2.a:
    java.lang.String LOG_TAG -> b
    android.content.Context mContext -> c
    android.content.SharedPreferences mSharedPreferences -> d
    java.lang.String mUriPreferenceKey -> e
    boolean $assertionsDisabled -> a
    void <init>() -> <init>
    com.boostermbkking.kingrommods.v2.PrefsFragment newInstance(java.lang.String) -> a
    void onCreate(android.os.Bundle) -> onCreate
    void onActivityResult(int,int,android.content.Intent) -> onActivityResult
    void iteratePrefs(android.preference.PreferenceGroup) -> a
    boolean onPreferenceClick(android.preference.Preference) -> onPreferenceClick
    void onUriSelectionRequested(java.lang.String) -> b
    void <clinit>() -> <clinit>
com.boostermbkking.kingrommods.v2.PrefsFragment$1 -> com.boostermbkking.kingrommods.v2.a$1:
    android.app.Dialog val$dialog -> a
    com.boostermbkking.kingrommods.v2.PrefsFragment this$0 -> b
    void <init>(com.boostermbkking.kingrommods.v2.PrefsFragment,android.app.Dialog) -> <init>
    void onClick(android.view.View) -> onClick
com.boostermbkking.kingrommods.v2.R -> com.boostermbkking.kingrommods.v2.b:
...
android.support.v7.widget.ActionMenuPresenter -> android.support.v7.widget.d:
    android.support.v7.widget.ActionMenuPresenter$OverflowMenuButton mOverflowButton -> i
    android.graphics.drawable.Drawable mPendingOverflowIcon -> j
    boolean mPendingOverflowIconSet -> k
    boolean mReserveOverflow -> r
    boolean mReserveOverflowSet -> s
    int mWidthLimit -> t
    int mActionItemWidthLimit -> u
    int mMaxItems -> v
    boolean mMaxItemsSet -> w
    boolean mStrictWidthLimit -> x
    boolean mWidthLimitSet -> y
    boolean mExpandedActionViewsExclusive -> l
    int mMinCellSize -> z
    android.util.SparseBooleanArray mActionButtonGroups -> A
    android.view.View mScrapActionButtonView -> B
    android.support.v7.widget.ActionMenuPresenter$OverflowPopup mOverflowPopup -> m
    android.support.v7.widget.ActionMenuPresenter$ActionButtonSubmenu mActionButtonPopup -> n
    android.support.v7.widget.ActionMenuPresenter$OpenOverflowRunnable mPostedOpenRunnable -> o
    android.support.v7.widget.ActionMenuPresenter$ActionMenuPopupCallback mPopupCallback -> C
    android.support.v7.widget.ActionMenuPresenter$PopupPresenterCallback mPopupPresenterCallback -> p
    int mOpenSubMenuId -> q
    void <init>(android.content.Context) -> <init>
    void initForMenu(android.content.Context,android.support.v7.view.menu.MenuBuilder) -> a
    void onConfigurationChanged$308b225b() -> d
    void setReserveOverflow$1385ff() -> e
android.support.v7.widget.ActionMenuPresenter$ActionButtonSubmenu -> android.support.v7.widget.d$a:
    android.support.v7.widget.ActionMenuPresenter this$0 -> d
    void <init>(android.support.v7.widget.ActionMenuPresenter,android.content.Context,android.support.v7.view.menu.SubMenuBuilder,android.view.View) -> <init>
    void onDismiss() -> d
android.support.v7.widget.ActionMenuPresenter$ActionMenuPopupCallback -> android.support.v7.widget.d$b:
    android.support.v7.widget.ActionMenuPresenter this$0 -> a
    void <init>(android.support.v7.widget.ActionMenuPresenter) -> <init>
    android.support.v7.view.menu.ShowableListMenu getPopup() -> a
android.support.v7.widget.ActionMenuPresenter$OpenOverflowRunnable -> android.support.v7.widget.d$c:
    android.support.v7.widget.ActionMenuPresenter$OverflowPopup mPopup -> b
    android.support.v7.widget.ActionMenuPresenter this$0 -> a
    void <init>(android.support.v7.widget.ActionMenuPresenter,android.support.v7.widget.ActionMenuPresenter$OverflowPopup) -> <init>
    void run() -> run
android.support.v7.widget.ActionMenuPresenter$OverflowMenuButton -> android.support.v7.widget.d$d:
    float[] mTempPts -> b
    android.support.v7.widget.ActionMenuPresenter this$0 -> a
    void <init>(android.support.v7.widget.ActionMenuPresenter,android.content.Context) -> <init>
    boolean performClick() -> performClick
    boolean needsDividerBefore() -> c
    boolean needsDividerAfter() -> d
    boolean setFrame(int,int,int,int) -> setFrame
android.support.v7.widget.ActionMenuPresenter$OverflowMenuButton$1 -> android.support.v7.widget.d$d$1:
    android.support.v7.widget.ActionMenuPresenter val$this$0 -> a
    android.support.v7.widget.ActionMenuPresenter$OverflowMenuButton this$1 -> b
    void <init>(android.support.v7.widget.ActionMenuPresenter$OverflowMenuButton,android.view.View,android.support.v7.widget.ActionMenuPresenter) -> <init>
    android.support.v7.view.menu.ShowableListMenu getPopup() -> a
    boolean onForwardingStarted() -> b
    boolean onForwardingStopped() -> c
android.support.v7.widget.ActionMenuPresenter$OverflowPopup -> android.support.v7.widget.d$e:
    android.support.v7.widget.ActionMenuPresenter this$0 -> d
    void <init>(android.support.v7.widget.ActionMenuPresenter,android.content.Context,android.support.v7.view.menu.MenuBuilder,android.view.View) -> <init>
    void onDismiss() -> d