app/build/outputs/mapping/release/usage.txt
com.boostermbkking.kingrommods.v2.BuildConfig
com.boostermbkking.kingrommods.v2.R:
    10:10:public R()
com.boostermbkking.kingrommods.v2.R$anim
com.boostermbkking.kingrommods.v2.R$animator
com.boostermbkking.kingrommods.v2.R$array
com.boostermbkking.kingrommods.v2.R$attr
com.boostermbkking.kingrommods.v2.R$bool
com.boostermbkking.kingrommods.v2.R$color
com.boostermbkking.kingrommods.v2.R$dimen
com.boostermbkking.kingrommods.v2.R$drawable
com.boostermbkking.kingrommods.v2.R$id
com.boostermbkking.kingrommods.v2.R$integer
com.boostermbkking.kingrommods.v2.R$layout
com.boostermbkking.kingrommods.v2.R$menu
com.boostermbkking.kingrommods.v2.R$mipmap
com.boostermbkking.kingrommods.v2.R$raw
com.boostermbkking.kingrommods.v2.R$string
com.boostermbkking.kingrommods.v2.R$style
com.boostermbkking.kingrommods.v2.R$styleable:
    4387:4387:public R$styleable()
com.boostermbkking.kingrommods.v2.R$xml
com.boostermbkking.kingrommods.v2.prefs.ColorPickerDialog:
    178:178:public boolean getHexValueEnabled()
com.boostermbkking.kingrommods.v2.prefs.ColorPickerPanelView:
    private static final float BORDER_WIDTH_PX
com.boostermbkking.kingrommods.v2.prefs.ColorPickerPreference:
    294:296:public void setColor(int)
com.boostermbkking.kingrommods.v2.prefs.ColorPickerView:
    private static final int PANEL_SAT_VAL
    private static final int PANEL_HUE
    private static final int PANEL_ALPHA
    private static final float BORDER_WIDTH_PX
com.boostermbkking.kingrommods.v2.prefs.GlobalRestorePreference
com.boostermbkking.kingrommods.v2.prefs.MultipleChoicePreference
com.boostermbkking.kingrommods.v2.prefs.MultipleChoicePreference$1
com.boostermbkking.kingrommods.v2.prefs.MultipleChoicePreference$2
com.boostermbkking.kingrommods.v2.prefs.MultipleChoicePreference$Item
com.boostermbkking.kingrommods.v2.prefs.MultipleChoicePreference$MultipleChoiceAdapter
com.boostermbkking.kingrommods.v2.prefs.MultipleChoicePreference$MultipleChoiceAdapter$GearViewHolder
com.boostermbkking.kingrommods.v2.prefs.MultipleChoicePreference$MultipleChoiceAdapter$GearViewHolder$1
com.boostermbkking.kingrommods.v2.prefs.MultipleChoicePreference$MultipleChoiceAdapter$GearViewHolder$2
com.boostermbkking.kingrommods.v2.prefs.MyMultiSelectPreference
com.boostermbkking.kingrommods.v2.prefs.MyMultiSelectPreference$1
com.boostermbkking.kingrommods.v2.prefs.MyPreferenceCategory
com.boostermbkking.kingrommods.v2.prefs.ThumbnailListPreference:
    158:158:public java.lang.CharSequence[] getEntries()
    162:163:public void setEntries(java.lang.CharSequence[])
    166:166:public java.lang.CharSequence[] getEntryValues()
    170:171:public void setEntryValues(java.lang.CharSequence[])
    174:174:public android.graphics.drawable.Drawable[] getDrawableArray()
    178:179:public void setDrawableArray(android.graphics.drawable.Drawable[])
com.boostermbkking.kingrommods.v2.prefs.UriSelectionPreference:
    49:49:public com.boostermbkking.kingrommods.v2.prefs.UriSelectionPreference$OnUriSelectionRequestedListener getOnUriSelectionRequestedListener()
com.boostermbkking.kingrommods.v2.utils.BackupRestoreIntentService$LocalReceiver:
    static final java.lang.String BACKUP_COMPLETE_ACTION
    static final java.lang.String RESTORE_COMPLETE_ACTION
...
android.support.v4.widget.FocusStrategy
android.support.v4.widget.FocusStrategy$BoundsAdapter
android.support.v4.widget.FocusStrategy$CollectionAdapter
android.support.v4.widget.FocusStrategy$SequentialComparator
android.support.v4.widget.ListPopupWindowCompat
android.support.v4.widget.ListPopupWindowCompat$BaseListPopupWindowImpl
android.support.v4.widget.ListPopupWindowCompat$KitKatListPopupWindowImpl
android.support.v4.widget.ListPopupWindowCompat$ListPopupWindowImpl
android.support.v4.widget.ListPopupWindowCompatKitKat
android.support.v4.widget.ListViewCompat:
    55:55:private ListViewCompat()
android.support.v4.widget.MaterialProgressDrawable
android.support.v4.widget.MaterialProgressDrawable$1
android.support.v4.widget.MaterialProgressDrawable$2
android.support.v4.widget.MaterialProgressDrawable$3
android.support.v4.widget.MaterialProgressDrawable$ProgressDrawableSize
android.support.v4.widget.MaterialProgressDrawable$Ring
android.support.v4.widget.NestedScrollView:
    static final int ANIMATED_SCROLL_GAP
    static final float MAX_SCROLL_FACTOR
    private static final java.lang.String TAG
    private static final int INVALID_POINTER
    438:438:public boolean isFillViewport()
    460:460:public boolean isSmoothScrollingEnabled()
android.support.v4.widget.PopupMenuCompat
android.support.v4.widget.PopupMenuCompat$BasePopupMenuImpl
android.support.v4.widget.PopupMenuCompat$KitKatPopupMenuImpl
android.support.v4.widget.PopupMenuCompat$PopupMenuImpl
android.support.v4.widget.PopupMenuCompatKitKat
android.support.v4.widget.PopupWindowCompat:
    184:186:private PopupWindowCompat()
    226:226:public static boolean getOverlapAnchor(android.widget.PopupWindow)
    248:248:public static int getWindowLayoutType(android.widget.PopupWindow)
android.support.v4.widget.PopupWindowCompat$Api21PopupWindowImpl:
    141:141:public boolean getOverlapAnchor(android.widget.PopupWindow)
android.support.v4.widget.PopupWindowCompat$Api23PopupWindowImpl:
    153:153:public boolean getOverlapAnchor(android.widget.PopupWindow)
    163:163:public int getWindowLayoutType(android.widget.PopupWindow)
android.support.v4.widget.PopupWindowCompat$BasePopupWindowImpl:
    private static java.lang.reflect.Method sGetWindowLayoutTypeMethod
    private static boolean sGetWindowLayoutTypeMethodAttempted
    73:73:public boolean getOverlapAnchor(android.widget.PopupWindow)
    100:118:public int getWindowLayoutType(android.widget.PopupWindow)
android.support.v4.widget.PopupWindowCompat$PopupWindowImpl:
    public abstract boolean getOverlapAnchor(android.widget.PopupWindow)
    public abstract int getWindowLayoutType(android.widget.PopupWindow)
android.support.v4.widget.PopupWindowCompatApi21:
    private static final java.lang.String TAG
    26:26:PopupWindowCompatApi21()
    52:59:static boolean getOverlapAnchor(android.widget.PopupWindow)
android.support.v4.widget.PopupWindowCompatApi23:
    23:23:PopupWindowCompatApi23()
    30:30:static boolean getOverlapAnchor(android.widget.PopupWindow)
    38:38:static int getWindowLayoutType(android.widget.PopupWindow)
android.support.v4.widget.PopupWindowCompatKitKat:
    28:28:PopupWindowCompatKitKat()
android.support.v4.widget.ResourceCursorAdapter:
    54:57:public ResourceCursorAdapter(android.content.Context,int,android.database.Cursor)
    99:102:public ResourceCursorAdapter(android.content.Context,int,android.database.Cursor,int)
    126:127:public void setViewResource(int)
    135:136:public void setDropDownViewResource(int)
android.support.v4.widget.ScrollerCompat
android.support.v4.widget.SearchViewCompat
android.support.v4.widget.SearchViewCompat$1
android.support.v4.widget.SearchViewCompat$2
android.support.v4.widget.SearchViewCompat$OnCloseListener
android.support.v4.widget.SearchViewCompat$OnCloseListenerCompat
android.support.v4.widget.SearchViewCompat$OnQueryTextListener
android.support.v4.widget.SearchViewCompat$OnQueryTextListenerCompat
android.support.v4.widget.SimpleCursorAdapter